-----------------------------------------------------------------
Jmeno repozitare: tpj-cermam14
Cislo domaciho ukolu: 2
Datum spusteni testu: 201210192205
---
Vystup svn info
Path: .
URL: http://cvut.repositoryhosting.com/svn/cvut_tpj-cermam14
Repository Root: http://cvut.repositoryhosting.com/svn/cvut_tpj-cermam14
Repository UUID: f4e52d61-faf8-49e9-b84e-8ec12461e737
Revision: 24
Node Kind: directory
Schedule: normal
Last Changed Author: tpj_cermam14
Last Changed Rev: 24
Last Changed Date: 2012-10-19 20:16:04 +0200 (Fri, 19 Oct 2012)

---
VAR_in: (name: x, type: NONE ...)
VAR_in: (name: x, type:BOOLEAN)
VAR_in: (name: x, type: NONE ...)
VAR_in: (name: x, type:NUMBER)
VAR_in: (name: x, type:BOOLEAN)
VAR_in: (name: y, type:NUMBER)
VAR_in: (name: z, type:NUMBER)
VAR_in: (name: z, type:NUMBER)
VAR_in: (name: x, type:BOOLEAN)
VAR_in: (name: y, type:BOOLEAN)
VAR_in: (name: z, type:BOOLEAN)
VAR_in: (name: z, type:BOOLEAN)
VALUES IN GAMMA:
VAR NAME=x: null
ASSIGNMENT_in: null, BOOLEAN
Exception in thread "week12" java.lang.AssertionError: Typecheck of ASSIGNMENT: (var name: x subexpr: BOOL: (true)) in environment {} failed (expected result: true).
	at Homework2Test.typecheckProgram(Homework2Test.java:12)
	at Homework2Test.week12(Homework2Test.java:24)
Test NEPROSEL. Spotrebovany cas: 0 s.
