-----------------------------------------------------------------
Jmeno repozitare: tpj-panekon1
Cislo domaciho ukolu: 1
Datum spusteni testu: 201210051805
---
Vystup svn info
Path: .
URL: http://cvut.repositoryhosting.com/svn/cvut_tpj-panekon1
Repository Root: http://cvut.repositoryhosting.com/svn/cvut_tpj-panekon1
Repository UUID: c3010fa8-f309-434c-baec-75abc4df5831
Revision: 6
Node Kind: directory
Schedule: normal
Last Changed Author: tpj_panekon1
Last Changed Rev: 6
Last Changed Date: 2012-10-05 14:30:29 +0200 (Fri, 05 Oct 2012)

Note: cvut_tpj-panekon1/homeworks/homework1.java uses unchecked or unsafe operations.
Note: Recompile with -Xlint:unchecked for details.
---
Test PROSEL. Spotrebovany cas: 0 s.
