-----------------------------------------------------------------
Jmeno repozitare: tpj-harcuond
Cislo domaciho ukolu: 1
Datum spusteni testu: 201210041405
---
Vystup svn info
Path: .
URL: http://cvut.repositoryhosting.com/svn/cvut_tpj-harcuond
Repository Root: http://cvut.repositoryhosting.com/svn/cvut_tpj-harcuond
Repository UUID: 9e83022a-8d4d-4139-bf40-68cdccce4358
Revision: 5
Node Kind: directory
Schedule: normal
Last Changed Author: tpj_harcuond
Last Changed Rev: 5
Last Changed Date: 2012-10-04 13:07:25 +0200 (Thu, 04 Oct 2012)

Note: cvut_tpj-harcuond/homeworks/homework1.java uses unchecked or unsafe operations.
Note: Recompile with -Xlint:unchecked for details.
---
Test PROSEL. Spotrebovany cas: 0 s.
