-----------------------------------------------------------------
Jmeno repozitare: tpj-kovalmil
Cislo domaciho ukolu: 2
Datum spusteni testu: 201210192205
---
Vystup svn info
Path: .
URL: http://cvut.repositoryhosting.com/svn/cvut_tpj-kovalmil
Repository Root: http://cvut.repositoryhosting.com/svn/cvut_tpj-kovalmil
Repository UUID: 24db9c60-c502-4af5-986c-1b560b439886
Revision: 10
Node Kind: directory
Schedule: normal
Last Changed Author: tpj_kovalmil
Last Changed Rev: 10
Last Changed Date: 2012-10-19 21:17:11 +0200 (Fri, 19 Oct 2012)

---
Exception in thread "week12" java.lang.UnsupportedOperationException
	at com.google.common.collect.ImmutableMap.put(ImmutableMap.java:306)
	at Assignment.getNewGamma(homework2.java:123)
	at CompoundProgram.isWellTyped(homework2.java:158)
	at Homework2Test.typecheckProgram(Homework2Test.java:12)
	at Homework2Test.week12(Homework2Test.java:26)
Test NEPROSEL. Spotrebovany cas: 0 s.
