-----------------------------------------------------------------
Jmeno repozitare: tpj-kolarj29
Cislo domaciho ukolu: 1
Datum spusteni testu: 201210081805
---
Vystup svn info
Path: .
URL: http://cvut.repositoryhosting.com/svn/cvut_tpj-kolarj29
Repository Root: http://cvut.repositoryhosting.com/svn/cvut_tpj-kolarj29
Repository UUID: a8ab68e8-8287-4139-843a-62b8d2d9b61b
Revision: 4
Node Kind: directory
Schedule: normal
Last Changed Author: tpj_kolarj29
Last Changed Rev: 4
Last Changed Date: 2012-10-08 15:31:51 +0200 (Mon, 08 Oct 2012)

---
HSH konstanta 0
HSH konstanta 1
HSH x 1
HSH derivace 1
HSH x 1
HSH derivace 1
HSH scitani 32
HSH x 1
HSH x 1
HSH derivace 1
HSH nasobeni 32
HSH x 1
HSH derivace 1
HSH x 1
HSH nasobeni 32
HSH scitani 1024
HSH konstanta 2
HSH x 1
HSH konstanta 1
HSH mocnina 32
HSH nasobeni 94
Test PROSEL. Spotrebovany cas: 0 s.
