-----------------------------------------------------------------
Jmeno repozitare: tpj-cincipet
Cislo domaciho ukolu: 1
Datum spusteni testu: 201210091405
---
Vystup svn info
Path: .
URL: http://cvut.repositoryhosting.com/svn/cvut_tpj-cincipet
Repository Root: http://cvut.repositoryhosting.com/svn/cvut_tpj-cincipet
Repository UUID: 6704f99c-4e05-42d2-b581-bb6d8fad80f0
Revision: 3
Node Kind: directory
Schedule: normal
Last Changed Author: tpj_cincipet
Last Changed Rev: 3
Last Changed Date: 2012-10-09 06:48:39 +0200 (Tue, 09 Oct 2012)

Note: cvut_tpj-cincipet/homeworks/homework1.java uses unchecked or unsafe operations.
Note: Recompile with -Xlint:unchecked for details.
---
Test PROSEL. Spotrebovany cas: 0 s.
