-----------------------------------------------------------------
Jmeno repozitare: tpj-hrubylu1
Cislo domaciho ukolu: 1
Datum spusteni testu: 201210040205
---
Vystup svn info
Path: .
URL: http://cvut.repositoryhosting.com/svn/cvut_tpj-hrubylu1
Repository Root: http://cvut.repositoryhosting.com/svn/cvut_tpj-hrubylu1
Repository UUID: b0e26aa9-ae8b-4cf8-8fcd-0ed1fe263b9b
Revision: 14
Node Kind: directory
Schedule: normal
Last Changed Author: tpj_hrubylu1
Last Changed Rev: 14
Last Changed Date: 2012-10-03 22:36:08 +0200 (Wed, 03 Oct 2012)

Note: cvut_tpj-hrubylu1/homeworks/homework1.java uses unchecked or unsafe operations.
Note: Recompile with -Xlint:unchecked for details.
---
Test PROSEL. Spotrebovany cas: 0 s.
