-----------------------------------------------------------------
Uzivatelske jmeno: tpj-dvorap39
Cislo domaciho ukolu: 1
Datum spusteni testu: 201210022205
---
Vystup svn info
Path: .
URL: http://cvut.repositoryhosting.com/svn/cvut_tpj-dvorap39
Repository Root: http://cvut.repositoryhosting.com/svn/cvut_tpj-dvorap39
Repository UUID: 6111c5b0-a0e8-41e5-8e59-3128816e54b4
Revision: 6
Node Kind: directory
Schedule: normal
Last Changed Author: tpj_dvorap39
Last Changed Rev: 6
Last Changed Date: 2012-10-02 20:25:56 +0200 (Tue, 02 Oct 2012)

Note: cvut_tpj-dvorap39/homeworks/homework1.java uses unchecked or unsafe operations.
Note: Recompile with -Xlint:unchecked for details.
---
Test PROSEL.
