-----------------------------------------------------------------
Jmeno repozitare: tpj-bobisjan
Cislo domaciho ukolu: 1
Datum spusteni testu: 201210050205
---
Vystup svn info
Path: .
URL: http://cvut.repositoryhosting.com/svn/cvut_tpj-bobisjan
Repository Root: http://cvut.repositoryhosting.com/svn/cvut_tpj-bobisjan
Repository UUID: 152b877a-810c-4752-a582-5aeaab552593
Revision: 29
Node Kind: directory
Schedule: normal
Last Changed Author: tpj_bobisjan
Last Changed Rev: 29
Last Changed Date: 2012-10-04 22:23:56 +0200 (Thu, 04 Oct 2012)

---
before: 42'
after: [0]
before: x'
after: [1]
before: (x+x)'
after: [(x'+x')]
before: (x*x)'
after: [((x*x')+(x'*x))]
before: (x^2)'
after: [(2*(x^1))]
Test PROSEL. Spotrebovany cas: 0 s.
