-----------------------------------------------------------------
Jmeno repozitare: tpj-simekada
Cislo domaciho ukolu: 2
Datum spusteni testu: 201210192205
---
Vystup svn info
Path: .
URL: http://cvut.repositoryhosting.com/svn/cvut_tpj-simekada
Repository Root: http://cvut.repositoryhosting.com/svn/cvut_tpj-simekada
Repository UUID: 8f3249b4-7ec1-4e71-8c6d-641ce5af7b19
Revision: 40
Node Kind: directory
Schedule: normal
Last Changed Author: tpj_simekada
Last Changed Rev: 40
Last Changed Date: 2012-10-19 20:17:17 +0200 (Fri, 19 Oct 2012)

---
[Var](x)
[Var](x)
[Var](x)
[Var](y)
[Var](z)
[Ternary]([Var](x), [Var](y), [Var](z))
[Var](x)
[Var](y)
[Var](z)
[Ternary]([Var](x), [Var](y), [Var](z))
[Var](x)
[Var](y)
[Var](z)
[Ternary]([Var](x), [Var](y), [Var](z))
[Var](x)
[Var](y)
[Var](z)
[Ternary]([Var](x), [Var](y), [Var](z))
[Bool](true)
[Assignment](x, [Bool](true))
[Bool](false)
[Assignment](x, [Bool](false))
[Program]([Assignment](x, [Bool](true)), [Assignment](x, [Bool](false)))
[Num](1)
[Assignment](x, [Num](1))
[Program]([Assignment](x, [Bool](false)), [Assignment](x, [Num](1)))
[Program]([Assignment](x, [Bool](true)), [Program]([Assignment](x, [Bool](false)), [Assignment](x, [Num](1))))
Test PROSEL. Spotrebovany cas: 0 s.
