-----------------------------------------------------------------
Jmeno repozitare: tpj-remesjan
Cislo domaciho ukolu: 1
Datum spusteni testu: 201210031805
---
Vystup svn info
Path: .
URL: http://cvut.repositoryhosting.com/svn/cvut_tpj-remesjan
Repository Root: http://cvut.repositoryhosting.com/svn/cvut_tpj-remesjan
Repository UUID: ed172691-6093-4247-9281-88157461119a
Revision: 10
Node Kind: directory
Schedule: normal
Last Changed Author: tpj_remesjan
Last Changed Rev: 10
Last Changed Date: 2012-10-03 14:23:47 +0200 (Wed, 03 Oct 2012)

---
(42')
42
(X')
X
((X + X)')
Addition :
(X + X)
((X . X)')
(X . X)
((X ^ 2)')
(X ^ 2)
Test PROSEL. Spotrebovany cas: 0 s.
