-----------------------------------------------------------------
Jmeno repozitare: tpj-stejsj11
Cislo domaciho ukolu: 2
Datum spusteni testu: 201210171405
---
Vystup svn info
Path: .
URL: http://cvut.repositoryhosting.com/svn/cvut_tpj-stejsj11
Repository Root: http://cvut.repositoryhosting.com/svn/cvut_tpj-stejsj11
Repository UUID: eeccbbdb-3289-4014-9575-f01201c3005e
Revision: 12
Node Kind: directory
Schedule: normal
Last Changed Author: tpj_stejsj11
Last Changed Rev: 12
Last Changed Date: 2012-10-17 10:15:03 +0200 (Wed, 17 Oct 2012)

---
Type error in x
Type error in x
Type error in if x then y else z
Type error in if x then y else z
Checking type of: 
x=true;

Type ok in: 
x=true;

Checking type of: 
x=true;
x=false;

Checking type of: 
x=true;

Type ok in: 
x=true;

Type ok in: 
x=true;
x=false;

Checking type of: 
x=false;

Type ok in: 
x=false;

Checking type of: 
x=true;
x=false;
x=1;

Checking type of: 
x=true;

Type ok in: 
x=true;

Type ok in: 
x=true;
x=false;
x=1;

Checking type of: 
x=false;
x=1;

Checking type of: 
x=false;

Type ok in: 
x=false;

Type ok in: 
x=false;
x=1;

Checking type of: 
x=1;

Type error in: 
x=1;

Test PROSEL. Spotrebovany cas: 0 s.
